#
# There is insufficient memory for the Java Runtime Environment to continue.
# Native memory allocation (mmap) failed to map 87031808 bytes for committing reserved memory.
# Possible reasons:
#   The system is out of physical RAM or swap space
#   In 32 bit mode, the process size limit was hit
# Possible solutions:
#   Reduce memory load on the system
#   Increase physical memory or swap space
#   Check if swap backing store is full
#   Use 64 bit Java on a 64 bit OS
#   Decrease Java heap size (-Xmx/-Xms)
#   Decrease number of Java threads
#   Decrease Java thread stack sizes (-Xss)
#   Set larger code cache with -XX:ReservedCodeCacheSize=
# This output file may be truncated or incomplete.
#
#  Out of Memory Error (os_linux.cpp:2627), pid=20871, tid=0x00007f6e95f28700
#
# JRE version:  (8.0_121-b13) (build )
# Java VM: Java HotSpot(TM) 64-Bit Server VM (25.121-b13 mixed mode linux-amd64 compressed oops)
# Failed to write core dump. Core dumps have been disabled. To enable core dumping, try "ulimit -c unlimited" before starting Java again
#

---------------  T H R E A D  ---------------

Current thread (0x00007f6e9000a000):  JavaThread "Unknown thread" [_thread_in_vm, id=20873, stack(0x00007f6e95e28000,0x00007f6e95f29000)]

Stack: [0x00007f6e95e28000,0x00007f6e95f29000],  sp=0x00007f6e95f273c0,  free space=1020k
Native frames: (J=compiled Java code, j=interpreted, Vv=VM code, C=native code)
V  [libjvm.so+0xac703a]  VMError::report_and_die()+0x2ba
V  [libjvm.so+0x4fc7eb]  report_vm_out_of_memory(char const*, int, unsigned long, VMErrorType, char const*)+0x8b
V  [libjvm.so+0x923c43]  os::Linux::commit_memory_impl(char*, unsigned long, bool)+0x103
V  [libjvm.so+0x924199]  os::pd_commit_memory(char*, unsigned long, unsigned long, bool)+0x29
V  [libjvm.so+0x91e4aa]  os::commit_memory(char*, unsigned long, unsigned long, bool)+0x2a
V  [libjvm.so+0x992f03]  PSVirtualSpace::expand_by(unsigned long)+0x53
V  [libjvm.so+0x983017]  PSOldGen::initialize(ReservedSpace, unsigned long, char const*, int)+0xb7
V  [libjvm.so+0x2d89aa]  AdjoiningGenerations::AdjoiningGenerations(ReservedSpace, GenerationSizer*, unsigned long)+0x39a
V  [libjvm.so+0x9472d6]  ParallelScavengeHeap::initialize()+0x1d6
V  [libjvm.so+0xa8eff3]  Universe::initialize_heap()+0xf3
V  [libjvm.so+0xa8f55e]  universe_init()+0x3e
V  [libjvm.so+0x63d4f5]  init_globals()+0x65
V  [libjvm.so+0xa72c4e]  Threads::create_vm(JavaVMInitArgs*, bool*)+0x23e
V  [libjvm.so+0x6d1d94]  JNI_CreateJavaVM+0x74
C  [libjli.so+0x745e]  JavaMain+0x9e
C  [libpthread.so.0+0x76ca]  start_thread+0xca


---------------  P R O C E S S  ---------------

Java Threads: ( => current thread )

Other Threads:

=>0x00007f6e9000a000 (exited) JavaThread "Unknown thread" [_thread_in_vm, id=20873, stack(0x00007f6e95e28000,0x00007f6e95f29000)]

VM state:not at safepoint (not fully initialized)

VM Mutex/Monitor currently owned by a thread: None

GC Heap History (0 events):
No events

Deoptimization events (0 events):
No events

Internal exceptions (0 events):
No events

Events (0 events):
No events


Dynamic libraries:
00400000-00401000 r-xp 00000000 08:01 2623279                            /usr/lib/jvm/java-8-oracle/bin/java
00600000-00601000 rw-p 00000000 08:01 2623279                            /usr/lib/jvm/java-8-oracle/bin/java
02283000-022a4000 rw-p 00000000 00:00 0                                  [heap]
8a900000-d7200000 ---p 00000000 00:00 0 
d7200000-d9b00000 rw-p 00000000 00:00 0 
d9b00000-100000000 ---p 00000000 00:00 0 
7f6e7f546000-7f6e7f7cd000 rw-p 00000000 00:00 0 
7f6e7f7cd000-7f6e7fa5b000 ---p 00000000 00:00 0 
7f6e7fa5b000-7f6e7fa70000 rw-p 00000000 00:00 0 
7f6e7fa70000-7f6e7fba2000 ---p 00000000 00:00 0 
7f6e7fba2000-7f6e7fbad000 rw-p 00000000 00:00 0 
7f6e7fbad000-7f6e7ff63000 ---p 00000000 00:00 0 
7f6e7ff63000-7f6e801d3000 rwxp 00000000 00:00 0 
7f6e801d3000-7f6e8ef63000 ---p 00000000 00:00 0 
7f6e8ef63000-7f6e8ef7d000 r-xp 00000000 08:01 2625386                    /usr/lib/jvm/java-8-oracle/jre/lib/amd64/libzip.so
7f6e8ef7d000-7f6e8f17d000 ---p 0001a000 08:01 2625386                    /usr/lib/jvm/java-8-oracle/jre/lib/amd64/libzip.so
7f6e8f17d000-7f6e8f17e000 rw-p 0001a000 08:01 2625386                    /usr/lib/jvm/java-8-oracle/jre/lib/amd64/libzip.so
7f6e8f17e000-7f6e8f189000 r-xp 00000000 08:01 660211                     /lib/x86_64-linux-gnu/libnss_files-2.24.so
7f6e8f189000-7f6e8f388000 ---p 0000b000 08:01 660211                     /lib/x86_64-linux-gnu/libnss_files-2.24.so
7f6e8f388000-7f6e8f389000 r--p 0000a000 08:01 660211                     /lib/x86_64-linux-gnu/libnss_files-2.24.so
7f6e8f389000-7f6e8f38a000 rw-p 0000b000 08:01 660211                     /lib/x86_64-linux-gnu/libnss_files-2.24.so
7f6e8f38a000-7f6e8f390000 rw-p 00000000 00:00 0 
7f6e8f390000-7f6e8f39b000 r-xp 00000000 08:01 660213                     /lib/x86_64-linux-gnu/libnss_nis-2.24.so
7f6e8f39b000-7f6e8f59a000 ---p 0000b000 08:01 660213                     /lib/x86_64-linux-gnu/libnss_nis-2.24.so
7f6e8f59a000-7f6e8f59b000 r--p 0000a000 08:01 660213                     /lib/x86_64-linux-gnu/libnss_nis-2.24.so
7f6e8f59b000-7f6e8f59c000 rw-p 0000b000 08:01 660213                     /lib/x86_64-linux-gnu/libnss_nis-2.24.so
7f6e8f59c000-7f6e8f5b2000 r-xp 00000000 08:01 660208                     /lib/x86_64-linux-gnu/libnsl-2.24.so
7f6e8f5b2000-7f6e8f7b1000 ---p 00016000 08:01 660208                     /lib/x86_64-linux-gnu/libnsl-2.24.so
7f6e8f7b1000-7f6e8f7b2000 r--p 00015000 08:01 660208                     /lib/x86_64-linux-gnu/libnsl-2.24.so
7f6e8f7b2000-7f6e8f7b3000 rw-p 00016000 08:01 660208                     /lib/x86_64-linux-gnu/libnsl-2.24.so
7f6e8f7b3000-7f6e8f7b5000 rw-p 00000000 00:00 0 
7f6e8f7b5000-7f6e8f7bd000 r-xp 00000000 08:01 660209                     /lib/x86_64-linux-gnu/libnss_compat-2.24.so
7f6e8f7bd000-7f6e8f9bc000 ---p 00008000 08:01 660209                     /lib/x86_64-linux-gnu/libnss_compat-2.24.so
7f6e8f9bc000-7f6e8f9bd000 r--p 00007000 08:01 660209                     /lib/x86_64-linux-gnu/libnss_compat-2.24.so
7f6e8f9bd000-7f6e8f9be000 rw-p 00008000 08:01 660209                     /lib/x86_64-linux-gnu/libnss_compat-2.24.so
7f6e8f9be000-7f6e8f9e9000 r-xp 00000000 08:01 2625413                    /usr/lib/jvm/java-8-oracle/jre/lib/amd64/libjava.so
7f6e8f9e9000-7f6e8fbe8000 ---p 0002b000 08:01 2625413                    /usr/lib/jvm/java-8-oracle/jre/lib/amd64/libjava.so
7f6e8fbe8000-7f6e8fbea000 rw-p 0002a000 08:01 2625413                    /usr/lib/jvm/java-8-oracle/jre/lib/amd64/libjava.so
7f6e8fbea000-7f6e8fbf7000 r-xp 00000000 08:01 2625364                    /usr/lib/jvm/java-8-oracle/jre/lib/amd64/libverify.so
7f6e8fbf7000-7f6e8fdf6000 ---p 0000d000 08:01 2625364                    /usr/lib/jvm/java-8-oracle/jre/lib/amd64/libverify.so
7f6e8fdf6000-7f6e8fdf8000 rw-p 0000c000 08:01 2625364                    /usr/lib/jvm/java-8-oracle/jre/lib/amd64/libverify.so
7f6e8fdf8000-7f6e8fdff000 r-xp 00000000 08:01 660218                     /lib/x86_64-linux-gnu/librt-2.24.so
7f6e8fdff000-7f6e8fffe000 ---p 00007000 08:01 660218                     /lib/x86_64-linux-gnu/librt-2.24.so
7f6e8fffe000-7f6e8ffff000 r--p 00006000 08:01 660218                     /lib/x86_64-linux-gnu/librt-2.24.so
7f6e8ffff000-7f6e90000000 rw-p 00007000 08:01 660218                     /lib/x86_64-linux-gnu/librt-2.24.so
7f6e90000000-7f6e90034000 rw-p 00000000 00:00 0 
7f6e90034000-7f6e94000000 ---p 00000000 00:00 0 
7f6e94035000-7f6e9413d000 r-xp 00000000 08:01 660170                     /lib/x86_64-linux-gnu/libm-2.24.so
7f6e9413d000-7f6e9433c000 ---p 00108000 08:01 660170                     /lib/x86_64-linux-gnu/libm-2.24.so
7f6e9433c000-7f6e9433d000 r--p 00107000 08:01 660170                     /lib/x86_64-linux-gnu/libm-2.24.so
7f6e9433d000-7f6e9433e000 rw-p 00108000 08:01 660170                     /lib/x86_64-linux-gnu/libm-2.24.so
7f6e9433e000-7f6e9500c000 r-xp 00000000 08:01 2625417                    /usr/lib/jvm/java-8-oracle/jre/lib/amd64/server/libjvm.so
7f6e9500c000-7f6e9520c000 ---p 00cce000 08:01 2625417                    /usr/lib/jvm/java-8-oracle/jre/lib/amd64/server/libjvm.so
7f6e9520c000-7f6e952e5000 rw-p 00cce000 08:01 2625417                    /usr/lib/jvm/java-8-oracle/jre/lib/amd64/server/libjvm.so
7f6e952e5000-7f6e95330000 rw-p 00000000 00:00 0 
7f6e95330000-7f6e954ed000 r-xp 00000000 08:01 660080                     /lib/x86_64-linux-gnu/libc-2.24.so
7f6e954ed000-7f6e956ed000 ---p 001bd000 08:01 660080                     /lib/x86_64-linux-gnu/libc-2.24.so
7f6e956ed000-7f6e956f1000 r--p 001bd000 08:01 660080                     /lib/x86_64-linux-gnu/libc-2.24.so
7f6e956f1000-7f6e956f3000 rw-p 001c1000 08:01 660080                     /lib/x86_64-linux-gnu/libc-2.24.so
7f6e956f3000-7f6e956f7000 rw-p 00000000 00:00 0 
7f6e956f7000-7f6e956fa000 r-xp 00000000 08:01 660090                     /lib/x86_64-linux-gnu/libdl-2.24.so
7f6e956fa000-7f6e958f9000 ---p 00003000 08:01 660090                     /lib/x86_64-linux-gnu/libdl-2.24.so
7f6e958f9000-7f6e958fa000 r--p 00002000 08:01 660090                     /lib/x86_64-linux-gnu/libdl-2.24.so
7f6e958fa000-7f6e958fb000 rw-p 00003000 08:01 660090                     /lib/x86_64-linux-gnu/libdl-2.24.so
7f6e958fb000-7f6e95910000 r-xp 00000000 08:01 2501125                    /usr/lib/jvm/java-8-oracle/lib/amd64/jli/libjli.so
7f6e95910000-7f6e95b10000 ---p 00015000 08:01 2501125                    /usr/lib/jvm/java-8-oracle/lib/amd64/jli/libjli.so
7f6e95b10000-7f6e95b11000 rw-p 00015000 08:01 2501125                    /usr/lib/jvm/java-8-oracle/lib/amd64/jli/libjli.so
7f6e95b11000-7f6e95b29000 r-xp 00000000 08:01 660216                     /lib/x86_64-linux-gnu/libpthread-2.24.so
7f6e95b29000-7f6e95d29000 ---p 00018000 08:01 660216                     /lib/x86_64-linux-gnu/libpthread-2.24.so
7f6e95d29000-7f6e95d2a000 r--p 00018000 08:01 660216                     /lib/x86_64-linux-gnu/libpthread-2.24.so
7f6e95d2a000-7f6e95d2b000 rw-p 00019000 08:01 660216                     /lib/x86_64-linux-gnu/libpthread-2.24.so
7f6e95d2b000-7f6e95d2f000 rw-p 00000000 00:00 0 
7f6e95d2f000-7f6e95d54000 r-xp 00000000 08:01 660047                     /lib/x86_64-linux-gnu/ld-2.24.so
7f6e95e28000-7f6e95e2b000 ---p 00000000 00:00 0 
7f6e95e2b000-7f6e95f2b000 rw-p 00000000 00:00 0 
7f6e95f46000-7f6e95f4e000 rw-s 00000000 08:01 3805060                    /tmp/hsperfdata_ekzestencial/20871
7f6e95f4e000-7f6e95f4f000 rw-p 00000000 00:00 0 
7f6e95f4f000-7f6e95f50000 r--p 00000000 00:00 0 
7f6e95f50000-7f6e95f53000 rw-p 00000000 00:00 0 
7f6e95f53000-7f6e95f54000 r--p 00024000 08:01 660047                     /lib/x86_64-linux-gnu/ld-2.24.so
7f6e95f54000-7f6e95f55000 rw-p 00025000 08:01 660047                     /lib/x86_64-linux-gnu/ld-2.24.so
7f6e95f55000-7f6e95f56000 rw-p 00000000 00:00 0 
7ffedfb19000-7ffedfb3a000 rw-p 00000000 00:00 0                          [stack]
7ffedfb61000-7ffedfb63000 r--p 00000000 00:00 0                          [vvar]
7ffedfb63000-7ffedfb65000 r-xp 00000000 00:00 0                          [vdso]
ffffffffff600000-ffffffffff601000 r-xp 00000000 00:00 0                  [vsyscall]

VM Arguments:
jvm_args: -Dclassworlds.conf=/home/ekzestencial/netbeans-8.2/java/maven/bin/m2.conf -Dmaven.home=/home/ekzestencial/netbeans-8.2/java/maven 
java_command: org.codehaus.plexus.classworlds.launcher.Launcher -Dmaven.ext.class.path=/home/ekzestencial/netbeans-8.2/java/maven-nblib/netbeans-eventspy.jar clean install
java_class_path (initial): /home/ekzestencial/netbeans-8.2/java/maven/boot/plexus-classworlds-2.4.jar
Launcher Type: SUN_STANDARD

Environment Variables:
JAVA_HOME=/usr/lib/jvm/java-8-oracle
PATH=/sbin:/usr/sbin:/usr/local/sbin//usr/local/sbin:/usr/local/bin:/usr/sbin:/usr/bin:/sbin:/bin:/usr/games:/usr/local/games:/snap/bin:/usr/lib/jvm/java-8-oracle/bin:/usr/lib/jvm/java-8-oracle/db/bin:/usr/lib/jvm/java-8-oracle/jre/bin:/home/pizdec/scripts/:/usr/local/bin/
LD_LIBRARY_PATH=/usr/lib/jvm/java-8-oracle//jre/lib/amd64:/usr/lib/jvm/java-8-oracle//jre/lib/i386:
SHELL=/bin/bash
DISPLAY=:0

Signal Handlers:
SIGSEGV: [libjvm.so+0xac78c0], sa_mask[0]=11111111011111111101111111111110, sa_flags=SA_RESTART|SA_SIGINFO
SIGBUS: [libjvm.so+0xac78c0], sa_mask[0]=11111111011111111101111111111110, sa_flags=SA_RESTART|SA_SIGINFO
SIGFPE: [libjvm.so+0x920ac0], sa_mask[0]=11111111011111111101111111111110, sa_flags=SA_RESTART|SA_SIGINFO
SIGPIPE: [libjvm.so+0x920ac0], sa_mask[0]=11111111011111111101111111111110, sa_flags=SA_RESTART|SA_SIGINFO
SIGXFSZ: [libjvm.so+0x920ac0], sa_mask[0]=11111111011111111101111111111110, sa_flags=SA_RESTART|SA_SIGINFO
SIGILL: [libjvm.so+0x920ac0], sa_mask[0]=11111111011111111101111111111110, sa_flags=SA_RESTART|SA_SIGINFO
SIGUSR1: SIG_DFL, sa_mask[0]=00000000000000000000000000000000, sa_flags=none
SIGUSR2: [libjvm.so+0x922300], sa_mask[0]=00100000000000000000000000000000, sa_flags=SA_RESTART|SA_SIGINFO
SIGHUP: SIG_DFL, sa_mask[0]=00000000000000000000000000000000, sa_flags=none
SIGINT: SIG_IGN, sa_mask[0]=00000000000000000000000000000000, sa_flags=none
SIGTERM: SIG_DFL, sa_mask[0]=00000000000000000000000000000000, sa_flags=none
SIGQUIT: SIG_DFL, sa_mask[0]=00000000000000000000000000000000, sa_flags=none


---------------  S Y S T E M  ---------------

OS:DISTRIB_ID=Ubuntu
DISTRIB_RELEASE=17.04
DISTRIB_CODENAME=zesty
DISTRIB_DESCRIPTION="Ubuntu Zesty Zapus (development branch)"

uname:Linux 4.10.0-8-generic #10-Ubuntu SMP Mon Feb 13 14:04:59 UTC 2017 x86_64
libc:glibc 2.24 NPTL 2.24 
rlimit: STACK 8192k, CORE 0k, NPROC 31194, NOFILE 65536, AS infinity
load average:0.59 1.41 1.12

/proc/meminfo:
MemTotal:        8030904 kB
MemFree:          121504 kB
MemAvailable:      33832 kB
Buffers:            2952 kB
Cached:           123552 kB
SwapCached:         1336 kB
Active:          6595328 kB
Inactive:         847536 kB
Active(anon):    6570668 kB
Inactive(anon):   822468 kB
Active(file):      24660 kB
Inactive(file):    25068 kB
Unevictable:          32 kB
Mlocked:              32 kB
SwapTotal:       2097148 kB
SwapFree:              0 kB
Dirty:               432 kB
Writeback:             0 kB
AnonPages:       7315576 kB
Mapped:            46740 kB
Shmem:             76484 kB
Slab:             121032 kB
SReclaimable:      47768 kB
SUnreclaim:        73264 kB
KernelStack:       27968 kB
PageTables:       104376 kB
NFS_Unstable:          0 kB
Bounce:                0 kB
WritebackTmp:          0 kB
CommitLimit:     6112600 kB
Committed_AS:   21903016 kB
VmallocTotal:   34359738367 kB
VmallocUsed:           0 kB
VmallocChunk:          0 kB
HardwareCorrupted:     0 kB
AnonHugePages:   1890304 kB
ShmemHugePages:        0 kB
ShmemPmdMapped:        0 kB
CmaTotal:              0 kB
CmaFree:               0 kB
HugePages_Total:       0
HugePages_Free:        0
HugePages_Rsvd:        0
HugePages_Surp:        0
Hugepagesize:       2048 kB
DirectMap4k:      590792 kB
DirectMap2M:     7655424 kB


CPU:total 4 (2 cores per cpu, 2 threads per core) family 6 model 37 stepping 5, cmov, cx8, fxsr, mmx, sse, sse2, sse3, ssse3, sse4.1, sse4.2, popcnt, ht, tsc, tscinvbit

/proc/cpuinfo:
processor	: 0
vendor_id	: GenuineIntel
cpu family	: 6
model		: 37
model name	: Intel(R) Core(TM) i5 CPU       M 450  @ 2.40GHz
stepping	: 5
microcode	: 0x2
cpu MHz		: 1333.000
cache size	: 3072 KB
physical id	: 0
siblings	: 4
core id		: 0
cpu cores	: 2
apicid		: 0
initial apicid	: 0
fpu		: yes
fpu_exception	: yes
cpuid level	: 11
wp		: yes
flags		: fpu vme de pse tsc msr pae mce cx8 apic sep mtrr pge mca cmov pat pse36 clflush dts acpi mmx fxsr sse sse2 ss ht tm pbe syscall nx rdtscp lm constant_tsc arch_perfmon pebs bts rep_good nopl xtopology nonstop_tsc aperfmperf pni dtes64 monitor ds_cpl vmx est tm2 ssse3 cx16 xtpr pdcm pcid sse4_1 sse4_2 popcnt lahf_lm tpr_shadow vnmi flexpriority ept vpid dtherm ida arat
bugs		:
bogomips	: 4787.86
clflush size	: 64
cache_alignment	: 64
address sizes	: 36 bits physical, 48 bits virtual
power management:

processor	: 1
vendor_id	: GenuineIntel
cpu family	: 6
model		: 37
model name	: Intel(R) Core(TM) i5 CPU       M 450  @ 2.40GHz
stepping	: 5
microcode	: 0x2
cpu MHz		: 1466.000
cache size	: 3072 KB
physical id	: 0
siblings	: 4
core id		: 2
cpu cores	: 2
apicid		: 4
initial apicid	: 4
fpu		: yes
fpu_exception	: yes
cpuid level	: 11
wp		: yes
flags		: fpu vme de pse tsc msr pae mce cx8 apic sep mtrr pge mca cmov pat pse36 clflush dts acpi mmx fxsr sse sse2 ss ht tm pbe syscall nx rdtscp lm constant_tsc arch_perfmon pebs bts rep_good nopl xtopology nonstop_tsc aperfmperf pni dtes64 monitor ds_cpl vmx est tm2 ssse3 cx16 xtpr pdcm pcid sse4_1 sse4_2 popcnt lahf_lm tpr_shadow vnmi flexpriority ept vpid dtherm ida arat
bugs		:
bogomips	: 4787.86
clflush size	: 64
cache_alignment	: 64
address sizes	: 36 bits physical, 48 bits virtual
power management:

processor	: 2
vendor_id	: GenuineIntel
cpu family	: 6
model		: 37
model name	: Intel(R) Core(TM) i5 CPU       M 450  @ 2.40GHz
stepping	: 5
microcode	: 0x2
cpu MHz		: 2400.000
cache size	: 3072 KB
physical id	: 0
siblings	: 4
core id		: 0
cpu cores	: 2
apicid		: 1
initial apicid	: 1
fpu		: yes
fpu_exception	: yes
cpuid level	: 11
wp		: yes
flags		: fpu vme de pse tsc msr pae mce cx8 apic sep mtrr pge mca cmov pat pse36 clflush dts acpi mmx fxsr sse sse2 ss ht tm pbe syscall nx rdtscp lm constant_tsc arch_perfmon pebs bts rep_good nopl xtopology nonstop_tsc aperfmperf pni dtes64 monitor ds_cpl vmx est tm2 ssse3 cx16 xtpr pdcm pcid sse4_1 sse4_2 popcnt lahf_lm tpr_shadow vnmi flexpriority ept vpid dtherm ida arat
bugs		:
bogomips	: 4787.86
clflush size	: 64
cache_alignment	: 64
address sizes	: 36 bits physical, 48 bits virtual
power management:

processor	: 3
vendor_id	: GenuineIntel
cpu family	: 6
model		: 37
model name	: Intel(R) Core(TM) i5 CPU       M 450  @ 2.40GHz
stepping	: 5
microcode	: 0x2
cpu MHz		: 1333.000
cache size	: 3072 KB
physical id	: 0
siblings	: 4
core id		: 2
cpu cores	: 2
apicid		: 5
initial apicid	: 5
fpu		: yes
fpu_exception	: yes
cpuid level	: 11
wp		: yes
flags		: fpu vme de pse tsc msr pae mce cx8 apic sep mtrr pge mca cmov pat pse36 clflush dts acpi mmx fxsr sse sse2 ss ht tm pbe syscall nx rdtscp lm constant_tsc arch_perfmon pebs bts rep_good nopl xtopology nonstop_tsc aperfmperf pni dtes64 monitor ds_cpl vmx est tm2 ssse3 cx16 xtpr pdcm pcid sse4_1 sse4_2 popcnt lahf_lm tpr_shadow vnmi flexpriority ept vpid dtherm ida arat
bugs		:
bogomips	: 4787.86
clflush size	: 64
cache_alignment	: 64
address sizes	: 36 bits physical, 48 bits virtual
power management:



Memory: 4k page, physical 8030904k(121848k free), swap 2097148k(0k free)

vm_info: Java HotSpot(TM) 64-Bit Server VM (25.121-b13) for linux-amd64 JRE (1.8.0_121-b13), built on Dec 12 2016 16:36:53 by "java_re" with gcc 4.3.0 20080428 (Red Hat 4.3.0-8)

time: Sat Feb 25 00:32:44 2017
elapsed time: 0 seconds (0d 0h 0m 0s)

