#
# There is insufficient memory for the Java Runtime Environment to continue.
# Native memory allocation (mmap) failed to map 87031808 bytes for committing reserved memory.
# Possible reasons:
#   The system is out of physical RAM or swap space
#   In 32 bit mode, the process size limit was hit
# Possible solutions:
#   Reduce memory load on the system
#   Increase physical memory or swap space
#   Check if swap backing store is full
#   Use 64 bit Java on a 64 bit OS
#   Decrease Java heap size (-Xmx/-Xms)
#   Decrease number of Java threads
#   Decrease Java thread stack sizes (-Xss)
#   Set larger code cache with -XX:ReservedCodeCacheSize=
# This output file may be truncated or incomplete.
#
#  Out of Memory Error (os_linux.cpp:2627), pid=20864, tid=0x00007f87ae303700
#
# JRE version:  (8.0_121-b13) (build )
# Java VM: Java HotSpot(TM) 64-Bit Server VM (25.121-b13 mixed mode linux-amd64 compressed oops)
# Failed to write core dump. Core dumps have been disabled. To enable core dumping, try "ulimit -c unlimited" before starting Java again
#

---------------  T H R E A D  ---------------

Current thread (0x00007f87a800a000):  JavaThread "Unknown thread" [_thread_in_vm, id=20866, stack(0x00007f87ae203000,0x00007f87ae304000)]

Stack: [0x00007f87ae203000,0x00007f87ae304000],  sp=0x00007f87ae3023c0,  free space=1020k
Native frames: (J=compiled Java code, j=interpreted, Vv=VM code, C=native code)
V  [libjvm.so+0xac703a]  VMError::report_and_die()+0x2ba
V  [libjvm.so+0x4fc7eb]  report_vm_out_of_memory(char const*, int, unsigned long, VMErrorType, char const*)+0x8b
V  [libjvm.so+0x923c43]  os::Linux::commit_memory_impl(char*, unsigned long, bool)+0x103
V  [libjvm.so+0x924199]  os::pd_commit_memory(char*, unsigned long, unsigned long, bool)+0x29
V  [libjvm.so+0x91e4aa]  os::commit_memory(char*, unsigned long, unsigned long, bool)+0x2a
V  [libjvm.so+0x992f03]  PSVirtualSpace::expand_by(unsigned long)+0x53
V  [libjvm.so+0x983017]  PSOldGen::initialize(ReservedSpace, unsigned long, char const*, int)+0xb7
V  [libjvm.so+0x2d89aa]  AdjoiningGenerations::AdjoiningGenerations(ReservedSpace, GenerationSizer*, unsigned long)+0x39a
V  [libjvm.so+0x9472d6]  ParallelScavengeHeap::initialize()+0x1d6
V  [libjvm.so+0xa8eff3]  Universe::initialize_heap()+0xf3
V  [libjvm.so+0xa8f55e]  universe_init()+0x3e
V  [libjvm.so+0x63d4f5]  init_globals()+0x65
V  [libjvm.so+0xa72c4e]  Threads::create_vm(JavaVMInitArgs*, bool*)+0x23e
V  [libjvm.so+0x6d1d94]  JNI_CreateJavaVM+0x74
C  [libjli.so+0x745e]  JavaMain+0x9e
C  [libpthread.so.0+0x76ca]  start_thread+0xca


---------------  P R O C E S S  ---------------

Java Threads: ( => current thread )

Other Threads:

=>0x00007f87a800a000 (exited) JavaThread "Unknown thread" [_thread_in_vm, id=20866, stack(0x00007f87ae203000,0x00007f87ae304000)]

VM state:not at safepoint (not fully initialized)

VM Mutex/Monitor currently owned by a thread: None

GC Heap History (0 events):
No events

Deoptimization events (0 events):
No events

Internal exceptions (0 events):
No events

Events (0 events):
No events


Dynamic libraries:
00400000-00401000 r-xp 00000000 08:01 2623279                            /usr/lib/jvm/java-8-oracle/bin/java
00600000-00601000 rw-p 00000000 08:01 2623279                            /usr/lib/jvm/java-8-oracle/bin/java
022f3000-02314000 rw-p 00000000 00:00 0                                  [heap]
8a900000-d7200000 ---p 00000000 00:00 0 
d7200000-d9b00000 rw-p 00000000 00:00 0 
d9b00000-100000000 ---p 00000000 00:00 0 
7f879783e000-7f87979d5000 rw-p 00000000 00:00 0 
7f87979d5000-7f8797c63000 ---p 00000000 00:00 0 
7f8797c63000-7f8797c78000 rw-p 00000000 00:00 0 
7f8797c78000-7f8797daa000 ---p 00000000 00:00 0 
7f8797daa000-7f8797db5000 rw-p 00000000 00:00 0 
7f8797db5000-7f879816b000 ---p 00000000 00:00 0 
7f879816b000-7f87983db000 rwxp 00000000 00:00 0 
7f87983db000-7f87a716b000 ---p 00000000 00:00 0 
7f87a716b000-7f87a7185000 r-xp 00000000 08:01 2625386                    /usr/lib/jvm/java-8-oracle/jre/lib/amd64/libzip.so
7f87a7185000-7f87a7385000 ---p 0001a000 08:01 2625386                    /usr/lib/jvm/java-8-oracle/jre/lib/amd64/libzip.so
7f87a7385000-7f87a7386000 rw-p 0001a000 08:01 2625386                    /usr/lib/jvm/java-8-oracle/jre/lib/amd64/libzip.so
7f87a7386000-7f87a7391000 r-xp 00000000 08:01 660211                     /lib/x86_64-linux-gnu/libnss_files-2.24.so
7f87a7391000-7f87a7590000 ---p 0000b000 08:01 660211                     /lib/x86_64-linux-gnu/libnss_files-2.24.so
7f87a7590000-7f87a7591000 r--p 0000a000 08:01 660211                     /lib/x86_64-linux-gnu/libnss_files-2.24.so
7f87a7591000-7f87a7592000 rw-p 0000b000 08:01 660211                     /lib/x86_64-linux-gnu/libnss_files-2.24.so
7f87a7592000-7f87a7598000 rw-p 00000000 00:00 0 
7f87a7598000-7f87a75a3000 r-xp 00000000 08:01 660213                     /lib/x86_64-linux-gnu/libnss_nis-2.24.so
7f87a75a3000-7f87a77a2000 ---p 0000b000 08:01 660213                     /lib/x86_64-linux-gnu/libnss_nis-2.24.so
7f87a77a2000-7f87a77a3000 r--p 0000a000 08:01 660213                     /lib/x86_64-linux-gnu/libnss_nis-2.24.so
7f87a77a3000-7f87a77a4000 rw-p 0000b000 08:01 660213                     /lib/x86_64-linux-gnu/libnss_nis-2.24.so
7f87a77a4000-7f87a77ba000 r-xp 00000000 08:01 660208                     /lib/x86_64-linux-gnu/libnsl-2.24.so
7f87a77ba000-7f87a79b9000 ---p 00016000 08:01 660208                     /lib/x86_64-linux-gnu/libnsl-2.24.so
7f87a79b9000-7f87a79ba000 r--p 00015000 08:01 660208                     /lib/x86_64-linux-gnu/libnsl-2.24.so
7f87a79ba000-7f87a79bb000 rw-p 00016000 08:01 660208                     /lib/x86_64-linux-gnu/libnsl-2.24.so
7f87a79bb000-7f87a79bd000 rw-p 00000000 00:00 0 
7f87a79bd000-7f87a79c5000 r-xp 00000000 08:01 660209                     /lib/x86_64-linux-gnu/libnss_compat-2.24.so
7f87a79c5000-7f87a7bc4000 ---p 00008000 08:01 660209                     /lib/x86_64-linux-gnu/libnss_compat-2.24.so
7f87a7bc4000-7f87a7bc5000 r--p 00007000 08:01 660209                     /lib/x86_64-linux-gnu/libnss_compat-2.24.so
7f87a7bc5000-7f87a7bc6000 rw-p 00008000 08:01 660209                     /lib/x86_64-linux-gnu/libnss_compat-2.24.so
7f87a7bc6000-7f87a7bf1000 r-xp 00000000 08:01 2625413                    /usr/lib/jvm/java-8-oracle/jre/lib/amd64/libjava.so
7f87a7bf1000-7f87a7df0000 ---p 0002b000 08:01 2625413                    /usr/lib/jvm/java-8-oracle/jre/lib/amd64/libjava.so
7f87a7df0000-7f87a7df2000 rw-p 0002a000 08:01 2625413                    /usr/lib/jvm/java-8-oracle/jre/lib/amd64/libjava.so
7f87a7df2000-7f87a7dff000 r-xp 00000000 08:01 2625364                    /usr/lib/jvm/java-8-oracle/jre/lib/amd64/libverify.so
7f87a7dff000-7f87a7ffe000 ---p 0000d000 08:01 2625364                    /usr/lib/jvm/java-8-oracle/jre/lib/amd64/libverify.so
7f87a7ffe000-7f87a8000000 rw-p 0000c000 08:01 2625364                    /usr/lib/jvm/java-8-oracle/jre/lib/amd64/libverify.so
7f87a8000000-7f87a8034000 rw-p 00000000 00:00 0 
7f87a8034000-7f87ac000000 ---p 00000000 00:00 0 
7f87ac118000-7f87ac208000 rw-p 00000000 00:00 0 
7f87ac208000-7f87ac20f000 r-xp 00000000 08:01 660218                     /lib/x86_64-linux-gnu/librt-2.24.so
7f87ac20f000-7f87ac40e000 ---p 00007000 08:01 660218                     /lib/x86_64-linux-gnu/librt-2.24.so
7f87ac40e000-7f87ac40f000 r--p 00006000 08:01 660218                     /lib/x86_64-linux-gnu/librt-2.24.so
7f87ac40f000-7f87ac410000 rw-p 00007000 08:01 660218                     /lib/x86_64-linux-gnu/librt-2.24.so
7f87ac410000-7f87ac518000 r-xp 00000000 08:01 660170                     /lib/x86_64-linux-gnu/libm-2.24.so
7f87ac518000-7f87ac717000 ---p 00108000 08:01 660170                     /lib/x86_64-linux-gnu/libm-2.24.so
7f87ac717000-7f87ac718000 r--p 00107000 08:01 660170                     /lib/x86_64-linux-gnu/libm-2.24.so
7f87ac718000-7f87ac719000 rw-p 00108000 08:01 660170                     /lib/x86_64-linux-gnu/libm-2.24.so
7f87ac719000-7f87ad3e7000 r-xp 00000000 08:01 2625417                    /usr/lib/jvm/java-8-oracle/jre/lib/amd64/server/libjvm.so
7f87ad3e7000-7f87ad5e7000 ---p 00cce000 08:01 2625417                    /usr/lib/jvm/java-8-oracle/jre/lib/amd64/server/libjvm.so
7f87ad5e7000-7f87ad6c0000 rw-p 00cce000 08:01 2625417                    /usr/lib/jvm/java-8-oracle/jre/lib/amd64/server/libjvm.so
7f87ad6c0000-7f87ad70b000 rw-p 00000000 00:00 0 
7f87ad70b000-7f87ad8c8000 r-xp 00000000 08:01 660080                     /lib/x86_64-linux-gnu/libc-2.24.so
7f87ad8c8000-7f87adac8000 ---p 001bd000 08:01 660080                     /lib/x86_64-linux-gnu/libc-2.24.so
7f87adac8000-7f87adacc000 r--p 001bd000 08:01 660080                     /lib/x86_64-linux-gnu/libc-2.24.so
7f87adacc000-7f87adace000 rw-p 001c1000 08:01 660080                     /lib/x86_64-linux-gnu/libc-2.24.so
7f87adace000-7f87adad2000 rw-p 00000000 00:00 0 
7f87adad2000-7f87adad5000 r-xp 00000000 08:01 660090                     /lib/x86_64-linux-gnu/libdl-2.24.so
7f87adad5000-7f87adcd4000 ---p 00003000 08:01 660090                     /lib/x86_64-linux-gnu/libdl-2.24.so
7f87adcd4000-7f87adcd5000 r--p 00002000 08:01 660090                     /lib/x86_64-linux-gnu/libdl-2.24.so
7f87adcd5000-7f87adcd6000 rw-p 00003000 08:01 660090                     /lib/x86_64-linux-gnu/libdl-2.24.so
7f87adcd6000-7f87adceb000 r-xp 00000000 08:01 2501125                    /usr/lib/jvm/java-8-oracle/lib/amd64/jli/libjli.so
7f87adceb000-7f87adeeb000 ---p 00015000 08:01 2501125                    /usr/lib/jvm/java-8-oracle/lib/amd64/jli/libjli.so
7f87adeeb000-7f87adeec000 rw-p 00015000 08:01 2501125                    /usr/lib/jvm/java-8-oracle/lib/amd64/jli/libjli.so
7f87adeec000-7f87adf04000 r-xp 00000000 08:01 660216                     /lib/x86_64-linux-gnu/libpthread-2.24.so
7f87adf04000-7f87ae104000 ---p 00018000 08:01 660216                     /lib/x86_64-linux-gnu/libpthread-2.24.so
7f87ae104000-7f87ae105000 r--p 00018000 08:01 660216                     /lib/x86_64-linux-gnu/libpthread-2.24.so
7f87ae105000-7f87ae106000 rw-p 00019000 08:01 660216                     /lib/x86_64-linux-gnu/libpthread-2.24.so
7f87ae106000-7f87ae10a000 rw-p 00000000 00:00 0 
7f87ae10a000-7f87ae12f000 r-xp 00000000 08:01 660047                     /lib/x86_64-linux-gnu/ld-2.24.so
7f87ae203000-7f87ae206000 ---p 00000000 00:00 0 
7f87ae206000-7f87ae306000 rw-p 00000000 00:00 0 
7f87ae321000-7f87ae329000 rw-s 00000000 08:01 3805060                    /tmp/hsperfdata_ekzestencial/20864
7f87ae329000-7f87ae32a000 rw-p 00000000 00:00 0 
7f87ae32a000-7f87ae32b000 r--p 00000000 00:00 0 
7f87ae32b000-7f87ae32e000 rw-p 00000000 00:00 0 
7f87ae32e000-7f87ae32f000 r--p 00024000 08:01 660047                     /lib/x86_64-linux-gnu/ld-2.24.so
7f87ae32f000-7f87ae330000 rw-p 00025000 08:01 660047                     /lib/x86_64-linux-gnu/ld-2.24.so
7f87ae330000-7f87ae331000 rw-p 00000000 00:00 0 
7ffc8b8fc000-7ffc8b91d000 rw-p 00000000 00:00 0                          [stack]
7ffc8b95f000-7ffc8b961000 r--p 00000000 00:00 0                          [vvar]
7ffc8b961000-7ffc8b963000 r-xp 00000000 00:00 0                          [vdso]
ffffffffff600000-ffffffffff601000 r-xp 00000000 00:00 0                  [vsyscall]

VM Arguments:
jvm_args: -Dclassworlds.conf=/home/ekzestencial/netbeans-8.2/java/maven/bin/m2.conf -Dmaven.home=/home/ekzestencial/netbeans-8.2/java/maven 
java_command: org.codehaus.plexus.classworlds.launcher.Launcher -Drunfx.args=-jar '${project.build.directory}/${project.build.finalName}.jar' -Dmaven.ext.class.path=/home/ekzestencial/netbeans-8.2/java/maven-nblib/netbeans-eventspy.jar clean package org.codehaus.mojo:exec-maven-plugin:1.2.1:exec
java_class_path (initial): /home/ekzestencial/netbeans-8.2/java/maven/boot/plexus-classworlds-2.4.jar
Launcher Type: SUN_STANDARD

Environment Variables:
JAVA_HOME=/usr/lib/jvm/java-8-oracle
PATH=/sbin:/usr/sbin:/usr/local/sbin//usr/local/sbin:/usr/local/bin:/usr/sbin:/usr/bin:/sbin:/bin:/usr/games:/usr/local/games:/snap/bin:/usr/lib/jvm/java-8-oracle/bin:/usr/lib/jvm/java-8-oracle/db/bin:/usr/lib/jvm/java-8-oracle/jre/bin:/home/pizdec/scripts/:/usr/local/bin/
LD_LIBRARY_PATH=/usr/lib/jvm/java-8-oracle//jre/lib/amd64:/usr/lib/jvm/java-8-oracle//jre/lib/i386:
SHELL=/bin/bash
DISPLAY=:0

Signal Handlers:
SIGSEGV: [libjvm.so+0xac78c0], sa_mask[0]=11111111011111111101111111111110, sa_flags=SA_RESTART|SA_SIGINFO
SIGBUS: [libjvm.so+0xac78c0], sa_mask[0]=11111111011111111101111111111110, sa_flags=SA_RESTART|SA_SIGINFO
SIGFPE: [libjvm.so+0x920ac0], sa_mask[0]=11111111011111111101111111111110, sa_flags=SA_RESTART|SA_SIGINFO
SIGPIPE: [libjvm.so+0x920ac0], sa_mask[0]=11111111011111111101111111111110, sa_flags=SA_RESTART|SA_SIGINFO
SIGXFSZ: [libjvm.so+0x920ac0], sa_mask[0]=11111111011111111101111111111110, sa_flags=SA_RESTART|SA_SIGINFO
SIGILL: [libjvm.so+0x920ac0], sa_mask[0]=11111111011111111101111111111110, sa_flags=SA_RESTART|SA_SIGINFO
SIGUSR1: SIG_DFL, sa_mask[0]=00000000000000000000000000000000, sa_flags=none
SIGUSR2: [libjvm.so+0x922300], sa_mask[0]=00100000000000000000000000000000, sa_flags=SA_RESTART|SA_SIGINFO
SIGHUP: SIG_DFL, sa_mask[0]=00000000000000000000000000000000, sa_flags=none
SIGINT: SIG_IGN, sa_mask[0]=00000000000000000000000000000000, sa_flags=none
SIGTERM: SIG_DFL, sa_mask[0]=00000000000000000000000000000000, sa_flags=none
SIGQUIT: SIG_DFL, sa_mask[0]=00000000000000000000000000000000, sa_flags=none


---------------  S Y S T E M  ---------------

OS:DISTRIB_ID=Ubuntu
DISTRIB_RELEASE=17.04
DISTRIB_CODENAME=zesty
DISTRIB_DESCRIPTION="Ubuntu Zesty Zapus (development branch)"

uname:Linux 4.10.0-8-generic #10-Ubuntu SMP Mon Feb 13 14:04:59 UTC 2017 x86_64
libc:glibc 2.24 NPTL 2.24 
rlimit: STACK 8192k, CORE 0k, NPROC 31194, NOFILE 65536, AS infinity
load average:0.62 1.48 1.14

/proc/meminfo:
MemTotal:        8030904 kB
MemFree:          118108 kB
MemAvailable:      31976 kB
Buffers:            3536 kB
Cached:           126128 kB
SwapCached:         1480 kB
Active:          6611016 kB
Inactive:         834860 kB
Active(anon):    6584592 kB
Inactive(anon):   808540 kB
Active(file):      26424 kB
Inactive(file):    26320 kB
Unevictable:          32 kB
Mlocked:              32 kB
SwapTotal:       2097148 kB
SwapFree:              0 kB
Dirty:               496 kB
Writeback:             0 kB
AnonPages:       7315488 kB
Mapped:            49376 kB
Shmem:             76484 kB
Slab:             121000 kB
SReclaimable:      47828 kB
SUnreclaim:        73172 kB
KernelStack:       27952 kB
PageTables:       104360 kB
NFS_Unstable:          0 kB
Bounce:                0 kB
WritebackTmp:          0 kB
CommitLimit:     6112600 kB
Committed_AS:   21902544 kB
VmallocTotal:   34359738367 kB
VmallocUsed:           0 kB
VmallocChunk:          0 kB
HardwareCorrupted:     0 kB
AnonHugePages:   1892352 kB
ShmemHugePages:        0 kB
ShmemPmdMapped:        0 kB
CmaTotal:              0 kB
CmaFree:               0 kB
HugePages_Total:       0
HugePages_Free:        0
HugePages_Rsvd:        0
HugePages_Surp:        0
Hugepagesize:       2048 kB
DirectMap4k:      590792 kB
DirectMap2M:     7655424 kB


CPU:total 4 (2 cores per cpu, 2 threads per core) family 6 model 37 stepping 5, cmov, cx8, fxsr, mmx, sse, sse2, sse3, ssse3, sse4.1, sse4.2, popcnt, ht, tsc, tscinvbit

/proc/cpuinfo:
processor	: 0
vendor_id	: GenuineIntel
cpu family	: 6
model		: 37
model name	: Intel(R) Core(TM) i5 CPU       M 450  @ 2.40GHz
stepping	: 5
microcode	: 0x2
cpu MHz		: 2400.000
cache size	: 3072 KB
physical id	: 0
siblings	: 4
core id		: 0
cpu cores	: 2
apicid		: 0
initial apicid	: 0
fpu		: yes
fpu_exception	: yes
cpuid level	: 11
wp		: yes
flags		: fpu vme de pse tsc msr pae mce cx8 apic sep mtrr pge mca cmov pat pse36 clflush dts acpi mmx fxsr sse sse2 ss ht tm pbe syscall nx rdtscp lm constant_tsc arch_perfmon pebs bts rep_good nopl xtopology nonstop_tsc aperfmperf pni dtes64 monitor ds_cpl vmx est tm2 ssse3 cx16 xtpr pdcm pcid sse4_1 sse4_2 popcnt lahf_lm tpr_shadow vnmi flexpriority ept vpid dtherm ida arat
bugs		:
bogomips	: 4787.86
clflush size	: 64
cache_alignment	: 64
address sizes	: 36 bits physical, 48 bits virtual
power management:

processor	: 1
vendor_id	: GenuineIntel
cpu family	: 6
model		: 37
model name	: Intel(R) Core(TM) i5 CPU       M 450  @ 2.40GHz
stepping	: 5
microcode	: 0x2
cpu MHz		: 2133.000
cache size	: 3072 KB
physical id	: 0
siblings	: 4
core id		: 2
cpu cores	: 2
apicid		: 4
initial apicid	: 4
fpu		: yes
fpu_exception	: yes
cpuid level	: 11
wp		: yes
flags		: fpu vme de pse tsc msr pae mce cx8 apic sep mtrr pge mca cmov pat pse36 clflush dts acpi mmx fxsr sse sse2 ss ht tm pbe syscall nx rdtscp lm constant_tsc arch_perfmon pebs bts rep_good nopl xtopology nonstop_tsc aperfmperf pni dtes64 monitor ds_cpl vmx est tm2 ssse3 cx16 xtpr pdcm pcid sse4_1 sse4_2 popcnt lahf_lm tpr_shadow vnmi flexpriority ept vpid dtherm ida arat
bugs		:
bogomips	: 4787.86
clflush size	: 64
cache_alignment	: 64
address sizes	: 36 bits physical, 48 bits virtual
power management:

processor	: 2
vendor_id	: GenuineIntel
cpu family	: 6
model		: 37
model name	: Intel(R) Core(TM) i5 CPU       M 450  @ 2.40GHz
stepping	: 5
microcode	: 0x2
cpu MHz		: 1866.000
cache size	: 3072 KB
physical id	: 0
siblings	: 4
core id		: 0
cpu cores	: 2
apicid		: 1
initial apicid	: 1
fpu		: yes
fpu_exception	: yes
cpuid level	: 11
wp		: yes
flags		: fpu vme de pse tsc msr pae mce cx8 apic sep mtrr pge mca cmov pat pse36 clflush dts acpi mmx fxsr sse sse2 ss ht tm pbe syscall nx rdtscp lm constant_tsc arch_perfmon pebs bts rep_good nopl xtopology nonstop_tsc aperfmperf pni dtes64 monitor ds_cpl vmx est tm2 ssse3 cx16 xtpr pdcm pcid sse4_1 sse4_2 popcnt lahf_lm tpr_shadow vnmi flexpriority ept vpid dtherm ida arat
bugs		:
bogomips	: 4787.86
clflush size	: 64
cache_alignment	: 64
address sizes	: 36 bits physical, 48 bits virtual
power management:

processor	: 3
vendor_id	: GenuineIntel
cpu family	: 6
model		: 37
model name	: Intel(R) Core(TM) i5 CPU       M 450  @ 2.40GHz
stepping	: 5
microcode	: 0x2
cpu MHz		: 1999.000
cache size	: 3072 KB
physical id	: 0
siblings	: 4
core id		: 2
cpu cores	: 2
apicid		: 5
initial apicid	: 5
fpu		: yes
fpu_exception	: yes
cpuid level	: 11
wp		: yes
flags		: fpu vme de pse tsc msr pae mce cx8 apic sep mtrr pge mca cmov pat pse36 clflush dts acpi mmx fxsr sse sse2 ss ht tm pbe syscall nx rdtscp lm constant_tsc arch_perfmon pebs bts rep_good nopl xtopology nonstop_tsc aperfmperf pni dtes64 monitor ds_cpl vmx est tm2 ssse3 cx16 xtpr pdcm pcid sse4_1 sse4_2 popcnt lahf_lm tpr_shadow vnmi flexpriority ept vpid dtherm ida arat
bugs		:
bogomips	: 4787.86
clflush size	: 64
cache_alignment	: 64
address sizes	: 36 bits physical, 48 bits virtual
power management:



Memory: 4k page, physical 8030904k(118108k free), swap 2097148k(0k free)

vm_info: Java HotSpot(TM) 64-Bit Server VM (25.121-b13) for linux-amd64 JRE (1.8.0_121-b13), built on Dec 12 2016 16:36:53 by "java_re" with gcc 4.3.0 20080428 (Red Hat 4.3.0-8)

time: Sat Feb 25 00:32:28 2017
elapsed time: 0 seconds (0d 0h 0m 0s)

